<?xml version="1.0" encoding="UTF-8"?>
<!-- Generated by org.testng.reporters.JUnitXMLReporter -->
<testsuite ignored="0" hostname="SarthakDell" failures="0" tests="3" name="Default test" time="14.65" errors="0" timestamp="2024-10-08T18:47:32 EDT">
  <testcase classname="com.tutorialsNinja.TestCases.SearchProductTest" name="searchWithValidProduct" time="0.856"/>
  <testcase classname="com.tutorialsNinja.TestCases.SearchProductTest" name="searchWithInvalidProduct" time="0.806"/>
  <testcase classname="com.tutorialsNinja.TestCases.SearchProductTest" name="searchWithNoProduct" time="0.684"/>
</testsuite> <!-- Default test -->
