<?xml version="1.0" encoding="UTF-8"?>
<!-- Generated by org.testng.reporters.JUnitXMLReporter -->
<testsuite ignored="0" hostname="SarthakDell" failures="0" tests="21" name="RegisterTest_Parallel" time="159.042" errors="0" timestamp="2024-10-01T20:48:23 EDT">
  <testcase classname="com.tutorialsNinja.TestCases.RegisterTest" name="verifyRegisterWithMandatoryDetails" time="2.348"/>
  <testcase classname="com.tutorialsNinja.TestCases.RegisterTest" name="verifyRegisterWithMandatoryDetails" time="2.519"/>
  <testcase classname="com.tutorialsNinja.TestCases.RegisterTest" name="verifyRegisterWithMandatoryDetails" time="3.014"/>
  <testcase classname="com.tutorialsNinja.TestCases.RegisterTest" name="verifyRegisterWithMandatoryDetails" time="2.177"/>
  <testcase classname="com.tutorialsNinja.TestCases.RegisterTest" name="verifyRegisterWithMandatoryDetails" time="2.417"/>
  <testcase classname="com.tutorialsNinja.TestCases.RegisterTest" name="verifyRegisterWithMandatoryDetails" time="2.04"/>
  <testcase classname="com.tutorialsNinja.TestCases.RegisterTest" name="verifyRegisterWithMandatoryDetails" time="1.869"/>
  <testcase classname="com.tutorialsNinja.TestCases.RegisterTest" name="verifyRegisterWithMandatoryDetails" time="3.007"/>
  <testcase classname="com.tutorialsNinja.TestCases.RegisterTest" name="verifyRegisterWithMandatoryDetails" time="1.705"/>
  <testcase classname="com.tutorialsNinja.TestCases.RegisterTest" name="verifyRegisterWithAllDetails" time="2.172"/>
  <testcase classname="com.tutorialsNinja.TestCases.RegisterTest" name="verifyRegisterWithAllDetails" time="2.155"/>
  <testcase classname="com.tutorialsNinja.TestCases.RegisterTest" name="verifyRegisterWithAllDetails" time="3.015"/>
  <testcase classname="com.tutorialsNinja.TestCases.RegisterTest" name="verifyRegisterWithAllDetails" time="2.842"/>
  <testcase classname="com.tutorialsNinja.TestCases.RegisterTest" name="verifyRegisterWithAllDetails" time="2.781"/>
  <testcase classname="com.tutorialsNinja.TestCases.RegisterTest" name="verifyRegisterWithAllDetails" time="2.676"/>
  <testcase classname="com.tutorialsNinja.TestCases.RegisterTest" name="verifyRegisterWithAllDetails" time="2.578"/>
  <testcase classname="com.tutorialsNinja.TestCases.RegisterTest" name="verifyRegisterWithAllDetails" time="2.601"/>
  <testcase classname="com.tutorialsNinja.TestCases.RegisterTest" name="verifyRegisterWithAllDetails" time="2.908"/>
  <testcase classname="com.tutorialsNinja.TestCases.RegisterTest" name="verifyRegisterWithExistingEmail" time="2.018"/>
  <testcase classname="com.tutorialsNinja.TestCases.RegisterTest" name="verifyRegisterWithIncorrectConfirmPassword" time="2.3"/>
  <testcase classname="com.tutorialsNinja.TestCases.RegisterTest" name="verifyRegisterWithNoDetails" time="0.771"/>
</testsuite> <!-- RegisterTest_Parallel -->
