<?xml version="1.0" encoding="UTF-8"?>
<!-- Generated by org.testng.reporters.JUnitXMLReporter -->
<testsuite ignored="0" hostname="SarthakDell" failures="0" tests="3" name="SearchProductTest_Parallel" time="16.506" errors="0" timestamp="2024-10-01T20:46:00 EDT">
  <testcase classname="com.tutorialsNinja.TestCases.SearchProductTest" name="searchWithValidProduct" time="0.731"/>
  <testcase classname="com.tutorialsNinja.TestCases.SearchProductTest" name="searchWithInvalidProduct" time="0.799"/>
  <testcase classname="com.tutorialsNinja.TestCases.SearchProductTest" name="searchWithNoProduct" time="0.708"/>
</testsuite> <!-- SearchProductTest_Parallel -->
